<?xml version="1.0" encoding="UTF-8"?>
<!-- Generated by org.testng.reporters.JUnitReportReporter -->
<testsuite hostname="IN-PG02A6JS" failures="0" tests="1" name="assignment.testcases.openPrimeVideoTest" time="1.365" errors="1" timestamp="2022-10-02T05:28:59 IST" skipped="0">
  <testcase classname="assignment.testcases.openPrimeVideoTest" name="openPrimeVideo" time="1.365">
    <error message="element click intercepted: Element &lt;a aria-label=&quot;&quot; href=&quot;/gp/video/ssoredirect/?ie=UTF8&amp;amp;pvp=%2F%3Fref_%3Ddvm_crs_in_s_gw_swm_dk_np_uap106eh&amp;amp;ref_=nav_swm_dvm_crs_in_s_gw_swm_dk_np_uap106eh&amp;amp;pf_rd_p=a123742c-d2b1-4be7-b13c-6495a927e903&amp;amp;pf_rd_s=nav-sitewide-msg&amp;amp;pf_rd_t=4201&amp;amp;pf_rd_i=navbar-4201&amp;amp;pf_rd_m=A21TJRUUN4KGV&amp;amp;pf_rd_r=6AVWY1QEWJ1A50N6RES3&quot; class=&quot;nav-imageHref&quot; target=&quot;_blank&quot; tabindex=&quot;0&quot;&gt;...&lt;/a&gt; is not clickable at point (1063, 79). Other element would receive the click: &lt;span class=&quot;nav-action-inner&quot;&gt;...&lt;/span&gt;
  (Session info: chrome=105.0.5195.127)
Build info: version: &#039;4.3.0&#039;, revision: &#039;a4995e2c09*&#039;
System info: host: &#039;IN-PG02A6JS&#039;, ip: &#039;192.168.1.41&#039;, os.name: &#039;Windows 10&#039;, os.arch: &#039;amd64&#039;, os.version: &#039;10.0&#039;, java.version: &#039;11.0.1&#039;
Driver info: org.openqa.selenium.chrome.ChromeDriver
Command: [e583473d50907071f985cec6641efede, clickElement {id=0eda9ad2-da7a-4a63-93e9-ad03f735990c}]
Capabilities {acceptInsecureCerts: false, browserName: chrome, browserVersion: 105.0.5195.127, chrome: {chromedriverVersion: 105.0.5195.52 (412c95e51883..., userDataDir: C:\Users\BHAVYA~1\AppData\L...}, goog:chromeOptions: {debuggerAddress: localhost:53650}, networkConnectionEnabled: false, pageLoadStrategy: normal, platformName: WINDOWS, proxy: Proxy(), se:cdp: ws://localhost:53650/devtoo..., se:cdpVersion: 105.0.5195.127, setWindowRect: true, strictFileInteractability: false, timeouts: {implicit: 0, pageLoad: 300000, script: 30000}, unhandledPromptBehavior: dismiss and notify, webauthn:extension:credBlob: true, webauthn:extension:largeBlob: true, webauthn:virtualAuthenticators: true}
Element: [[ChromeDriver: chrome on WINDOWS (e583473d50907071f985cec6641efede)] -&gt; xpath: //A[@aria-label=&#039;&#039;]]
Session ID: e583473d50907071f985cec6641efede" type="org.openqa.selenium.ElementClickInterceptedException">
      <![CDATA[org.openqa.selenium.ElementClickInterceptedException: element click intercepted: Element <a aria-label="" href="/gp/video/ssoredirect/?ie=UTF8&amp;pvp=%2F%3Fref_%3Ddvm_crs_in_s_gw_swm_dk_np_uap106eh&amp;ref_=nav_swm_dvm_crs_in_s_gw_swm_dk_np_uap106eh&amp;pf_rd_p=a123742c-d2b1-4be7-b13c-6495a927e903&amp;pf_rd_s=nav-sitewide-msg&amp;pf_rd_t=4201&amp;pf_rd_i=navbar-4201&amp;pf_rd_m=A21TJRUUN4KGV&amp;pf_rd_r=6AVWY1QEWJ1A50N6RES3" class="nav-imageHref" target="_blank" tabindex="0">...</a> is not clickable at point (1063, 79). Other element would receive the click: <span class="nav-action-inner">...</span>
  (Session info: chrome=105.0.5195.127)
Build info: version: '4.3.0', revision: 'a4995e2c09*'
System info: host: 'IN-PG02A6JS', ip: '192.168.1.41', os.name: 'Windows 10', os.arch: 'amd64', os.version: '10.0', java.version: '11.0.1'
Driver info: org.openqa.selenium.chrome.ChromeDriver
Command: [e583473d50907071f985cec6641efede, clickElement {id=0eda9ad2-da7a-4a63-93e9-ad03f735990c}]
Capabilities {acceptInsecureCerts: false, browserName: chrome, browserVersion: 105.0.5195.127, chrome: {chromedriverVersion: 105.0.5195.52 (412c95e51883..., userDataDir: C:\Users\BHAVYA~1\AppData\L...}, goog:chromeOptions: {debuggerAddress: localhost:53650}, networkConnectionEnabled: false, pageLoadStrategy: normal, platformName: WINDOWS, proxy: Proxy(), se:cdp: ws://localhost:53650/devtoo..., se:cdpVersion: 105.0.5195.127, setWindowRect: true, strictFileInteractability: false, timeouts: {implicit: 0, pageLoad: 300000, script: 30000}, unhandledPromptBehavior: dismiss and notify, webauthn:extension:credBlob: true, webauthn:extension:largeBlob: true, webauthn:virtualAuthenticators: true}
Element: [[ChromeDriver: chrome on WINDOWS (e583473d50907071f985cec6641efede)] -> xpath: //A[@aria-label='']]
Session ID: e583473d50907071f985cec6641efede
at java.base/jdk.internal.reflect.NativeConstructorAccessorImpl.newInstance0(Native Method)
at java.base/jdk.internal.reflect.NativeConstructorAccessorImpl.newInstance(NativeConstructorAccessorImpl.java:62)
at java.base/jdk.internal.reflect.DelegatingConstructorAccessorImpl.newInstance(DelegatingConstructorAccessorImpl.java:45)
at java.base/java.lang.reflect.Constructor.newInstance(Constructor.java:490)
at org.openqa.selenium.remote.codec.w3c.W3CHttpResponseCodec.createException(W3CHttpResponseCodec.java:200)
at org.openqa.selenium.remote.codec.w3c.W3CHttpResponseCodec.decode(W3CHttpResponseCodec.java:133)
at org.openqa.selenium.remote.codec.w3c.W3CHttpResponseCodec.decode(W3CHttpResponseCodec.java:53)
at org.openqa.selenium.remote.HttpCommandExecutor.execute(HttpCommandExecutor.java:184)
at org.openqa.selenium.remote.service.DriverCommandExecutor.invokeExecute(DriverCommandExecutor.java:167)
at org.openqa.selenium.remote.service.DriverCommandExecutor.execute(DriverCommandExecutor.java:142)
at org.openqa.selenium.remote.RemoteWebDriver.execute(RemoteWebDriver.java:569)
at org.openqa.selenium.remote.RemoteWebElement.execute(RemoteWebElement.java:257)
at org.openqa.selenium.remote.RemoteWebElement.click(RemoteWebElement.java:78)
at assignment.testcases.openPrimeVideoTest.openPrimeVideo(openPrimeVideoTest.java:17)
at java.base/jdk.internal.reflect.NativeMethodAccessorImpl.invoke0(Native Method)
at java.base/jdk.internal.reflect.NativeMethodAccessorImpl.invoke(NativeMethodAccessorImpl.java:62)
at java.base/jdk.internal.reflect.DelegatingMethodAccessorImpl.invoke(DelegatingMethodAccessorImpl.java:43)
at java.base/java.lang.reflect.Method.invoke(Method.java:566)
at org.testng.internal.invokers.MethodInvocationHelper.invokeMethod(MethodInvocationHelper.java:135)
at org.testng.internal.invokers.TestInvoker.invokeMethod(TestInvoker.java:673)
at org.testng.internal.invokers.TestInvoker.invokeTestMethod(TestInvoker.java:220)
at org.testng.internal.invokers.MethodRunner.runInSequence(MethodRunner.java:50)
at org.testng.internal.invokers.TestInvoker$MethodInvocationAgent.invoke(TestInvoker.java:945)
at org.testng.internal.invokers.TestInvoker.invokeTestMethods(TestInvoker.java:193)
at org.testng.internal.invokers.TestMethodWorker.invokeTestMethods(TestMethodWorker.java:146)
at org.testng.internal.invokers.TestMethodWorker.run(TestMethodWorker.java:128)
at java.base/java.util.ArrayList.forEach(ArrayList.java:1540)
at org.testng.TestRunner.privateRun(TestRunner.java:808)
at org.testng.TestRunner.run(TestRunner.java:603)
at org.testng.SuiteRunner.runTest(SuiteRunner.java:429)
at org.testng.SuiteRunner.runSequentially(SuiteRunner.java:423)
at org.testng.SuiteRunner.privateRun(SuiteRunner.java:383)
at org.testng.SuiteRunner.run(SuiteRunner.java:326)
at org.testng.SuiteRunnerWorker.runSuite(SuiteRunnerWorker.java:52)
at org.testng.SuiteRunnerWorker.run(SuiteRunnerWorker.java:95)
at org.testng.TestNG.runSuitesSequentially(TestNG.java:1249)
at org.testng.TestNG.runSuitesLocally(TestNG.java:1169)
at org.testng.TestNG.runSuites(TestNG.java:1092)
at org.testng.TestNG.run(TestNG.java:1060)
at org.testng.remote.AbstractRemoteTestNG.run(AbstractRemoteTestNG.java:115)
at org.testng.remote.RemoteTestNG.initAndRun(RemoteTestNG.java:251)
at org.testng.remote.RemoteTestNG.main(RemoteTestNG.java:77)
]]>
    </error>
  </testcase> <!-- openPrimeVideo -->
  <system-out/>
</testsuite> <!-- assignment.testcases.openPrimeVideoTest -->
